  CubeShader.cpp
  SystemDll.vcxproj -> C:\Users\user\Desktop\Engine\x64\Debug\SystemDll.dll
  C:\Users\user\Desktop\Engine\x64\Debug\ResourceDll.lib
  C:\Users\user\Desktop\Engine\x64\Debug\SystemDll.lib
          2개 파일이 복사되었습니다.
  C:\Users\user\Desktop\Engine\SystemDll\CameraController.h
  C:\Users\user\Desktop\Engine\SystemDll\CubeShader.h
  C:\Users\user\Desktop\Engine\SystemDll\D3DApp.h
  C:\Users\user\Desktop\Engine\SystemDll\framework.h
  C:\Users\user\Desktop\Engine\SystemDll\Light.h
  C:\Users\user\Desktop\Engine\SystemDll\ModelShader.h
  C:\Users\user\Desktop\Engine\SystemDll\pch.h
  C:\Users\user\Desktop\Engine\SystemDll\Shader.h
  C:\Users\user\Desktop\Engine\SystemDll\ShaderMgr.h
  C:\Users\user\Desktop\Engine\SystemDll\SystemConst.h
  C:\Users\user\Desktop\Engine\SystemDll\SystemDef.h
  C:\Users\user\Desktop\Engine\SystemDll\SystemExportFunc.h
  C:\Users\user\Desktop\Engine\SystemDll\SystemMacro.h
  C:\Users\user\Desktop\Engine\SystemDll\SystemStruct.h
         14개 파일이 복사되었습니다.
