c:\users\user\downloads\engine\systemdll\x64\debug\systemdll.pch
c:\users\user\downloads\engine\systemdll\x64\debug\vc141.pdb
c:\users\user\downloads\engine\systemdll\x64\debug\vc141.idb
c:\users\user\downloads\engine\systemdll\x64\debug\pch.obj
c:\users\user\downloads\engine\systemdll\x64\debug\systemexportfunc.obj
c:\users\user\downloads\engine\systemdll\x64\debug\shader.obj
c:\users\user\downloads\engine\systemdll\x64\debug\light.obj
c:\users\user\downloads\engine\systemdll\x64\debug\dllmain.obj
c:\users\user\downloads\engine\systemdll\x64\debug\d3dapp.obj
c:\users\user\downloads\engine\systemdll\x64\debug\cameracontroller.obj
c:\users\user\downloads\engine\x64\debug\systemdll.dll
c:\users\user\downloads\engine\x64\debug\systemdll.ilk
c:\users\user\downloads\engine\x64\debug\systemdll.pdb
c:\users\user\downloads\engine\x64\debug\systemdll.lib
c:\users\user\downloads\engine\x64\debug\systemdll.exp
c:\users\user\downloads\engine\systemdll\x64\debug\systemdll.tlog\cl.command.1.tlog
c:\users\user\downloads\engine\systemdll\x64\debug\systemdll.tlog\cl.read.1.tlog
c:\users\user\downloads\engine\systemdll\x64\debug\systemdll.tlog\cl.write.1.tlog
c:\users\user\downloads\engine\systemdll\x64\debug\systemdll.tlog\link.7428.delete.1.tlog
c:\users\user\downloads\engine\systemdll\x64\debug\systemdll.tlog\link.command.1.tlog
c:\users\user\downloads\engine\systemdll\x64\debug\systemdll.tlog\link.read.1.tlog
c:\users\user\downloads\engine\systemdll\x64\debug\systemdll.tlog\link.write.1.tlog
c:\users\user\downloads\engine\systemdll\x64\debug\systemdll.tlog\systemdll.write.1u.tlog
