c:\users\user\downloads\engine\tool\x64\debug\tool.pch
c:\users\user\downloads\engine\tool\x64\debug\vc141.pdb
c:\users\user\downloads\engine\tool\x64\debug\vc141.idb
c:\users\user\downloads\engine\tool\x64\debug\pch.obj
c:\users\user\downloads\engine\tool\x64\debug\viewtree.obj
c:\users\user\downloads\engine\tool\x64\debug\viewportclient.obj
c:\users\user\downloads\engine\tool\x64\debug\toolview.obj
c:\users\user\downloads\engine\tool\x64\debug\tooldoc.obj
c:\users\user\downloads\engine\tool\x64\debug\tool.obj
c:\users\user\downloads\engine\tool\x64\debug\propertieswnd.obj
c:\users\user\downloads\engine\tool\x64\debug\outputwnd.obj
c:\users\user\downloads\engine\tool\x64\debug\mainfrm.obj
c:\users\user\downloads\engine\tool\x64\debug\fileview.obj
c:\users\user\downloads\engine\tool\x64\debug\contentbrowser.obj
c:\users\user\downloads\engine\tool\x64\debug\classview.obj
c:\users\user\downloads\engine\tool\x64\debug\childfrm.obj
c:\users\user\downloads\engine\tool\x64\debug\tool.res
c:\users\user\downloads\engine\x64\debug\tool.pdb
c:\users\user\downloads\engine\tool\x64\debug\tool.tlog\cl.command.1.tlog
c:\users\user\downloads\engine\tool\x64\debug\tool.tlog\cl.read.1.tlog
c:\users\user\downloads\engine\tool\x64\debug\tool.tlog\cl.write.1.tlog
c:\users\user\downloads\engine\tool\x64\debug\tool.tlog\link.command.1.tlog
c:\users\user\downloads\engine\tool\x64\debug\tool.tlog\link.read.1.tlog
c:\users\user\downloads\engine\tool\x64\debug\tool.tlog\link.write.1.tlog
c:\users\user\downloads\engine\tool\x64\debug\tool.tlog\rc.command.1.tlog
c:\users\user\downloads\engine\tool\x64\debug\tool.tlog\rc.read.1.tlog
c:\users\user\downloads\engine\tool\x64\debug\tool.tlog\rc.write.1.tlog
