c:\users\user\downloads\engine\resourcedll\x64\debug\resourcedll.pch
c:\users\user\downloads\engine\resourcedll\x64\debug\vc141.pdb
c:\users\user\downloads\engine\resourcedll\x64\debug\vc141.idb
c:\users\user\downloads\engine\resourcedll\x64\debug\pch.obj
c:\users\user\downloads\engine\resourcedll\x64\debug\textureutil.obj
c:\users\user\downloads\engine\resourcedll\x64\debug\stringutil.obj
c:\users\user\downloads\engine\resourcedll\x64\debug\staticmesh.obj
c:\users\user\downloads\engine\resourcedll\x64\debug\resourceexportfunc.obj
c:\users\user\downloads\engine\resourcedll\x64\debug\model.obj
c:\users\user\downloads\engine\resourcedll\x64\debug\meshmgr.obj
c:\users\user\downloads\engine\resourcedll\x64\debug\mesh.obj
c:\users\user\downloads\engine\resourcedll\x64\debug\dllmain.obj
c:\users\user\downloads\engine\resourcedll\x64\debug\colorbuffer.obj
c:\users\user\downloads\engine\resourcedll\x64\debug\buffermgr.obj
c:\users\user\downloads\engine\resourcedll\x64\debug\buffer.obj
c:\users\user\downloads\engine\x64\debug\resourcedll.dll
c:\users\user\downloads\engine\x64\debug\resourcedll.ilk
c:\users\user\downloads\engine\x64\debug\resourcedll.pdb
c:\users\user\downloads\engine\x64\debug\resourcedll.lib
c:\users\user\downloads\engine\x64\debug\resourcedll.exp
c:\users\user\downloads\engine\resourcedll\x64\debug\resourcedll.tlog\cl.command.1.tlog
c:\users\user\downloads\engine\resourcedll\x64\debug\resourcedll.tlog\cl.read.1.tlog
c:\users\user\downloads\engine\resourcedll\x64\debug\resourcedll.tlog\cl.write.1.tlog
c:\users\user\downloads\engine\resourcedll\x64\debug\resourcedll.tlog\link.command.1.tlog
c:\users\user\downloads\engine\resourcedll\x64\debug\resourcedll.tlog\link.read.1.tlog
c:\users\user\downloads\engine\resourcedll\x64\debug\resourcedll.tlog\link.write.1.tlog
c:\users\user\downloads\engine\resourcedll\x64\debug\resourcedll.tlog\resourcedll.write.1u.tlog
