  FontBuffer.cpp
  ResourceDll.vcxproj -> C:\Users\user\Desktop\Engine\x64\Debug\ResourceDll.dll
  C:\Users\user\Desktop\Engine\x64\Debug\Client.lib
  C:\Users\user\Desktop\Engine\x64\Debug\ResourceDll.lib
  C:\Users\user\Desktop\Engine\x64\Debug\StaticLibrary.lib
  다른 프로세스가 파일을 사용 중이기 때문에 프로세스가 액세스 할 수 없습니다.
  C:\Users\user\Desktop\Engine\x64\Debug\SystemDll.lib
  다른 프로세스가 파일을 사용 중이기 때문에 프로세스가 액세스 할 수 없습니다.
  C:\Users\user\Desktop\Engine\x64\Debug\Tool.lib
          3개 파일이 복사되었습니다.
  C:\Users\user\Desktop\Engine\ResourceDll\BitmapBuffer.h
  C:\Users\user\Desktop\Engine\ResourceDll\Buffer.h
  C:\Users\user\Desktop\Engine\ResourceDll\BufferMgr.h
  C:\Users\user\Desktop\Engine\ResourceDll\ColorCubeBuffer.h
  C:\Users\user\Desktop\Engine\ResourceDll\FontBuffer.h
  C:\Users\user\Desktop\Engine\ResourceDll\framework.h
  C:\Users\user\Desktop\Engine\ResourceDll\GridBuffer.h
  C:\Users\user\Desktop\Engine\ResourceDll\LightCubeBuffer.h
  C:\Users\user\Desktop\Engine\ResourceDll\Mesh.h
  C:\Users\user\Desktop\Engine\ResourceDll\MeshMgr.h
  C:\Users\user\Desktop\Engine\ResourceDll\Model.h
  C:\Users\user\Desktop\Engine\ResourceDll\pch.h
  C:\Users\user\Desktop\Engine\ResourceDll\ResourceConst.h
  C:\Users\user\Desktop\Engine\ResourceDll\ResourceDef.h
  C:\Users\user\Desktop\Engine\ResourceDll\ResourceExportFunc.h
  C:\Users\user\Desktop\Engine\ResourceDll\ResourceMacro.h
  C:\Users\user\Desktop\Engine\ResourceDll\ResourceStruct.h
  C:\Users\user\Desktop\Engine\ResourceDll\SkyBuffer.h
  C:\Users\user\Desktop\Engine\ResourceDll\StaticMesh.h
  C:\Users\user\Desktop\Engine\ResourceDll\StringUtil.h
  C:\Users\user\Desktop\Engine\ResourceDll\TextMgr.h
  C:\Users\user\Desktop\Engine\ResourceDll\TextureCubeBuffer.h
  C:\Users\user\Desktop\Engine\ResourceDll\TextureUtil.h
         23개 파일이 복사되었습니다.
